<?xml version="1.0" encoding="UTF-8"?>
<!-- Generated by org.testng.reporters.JUnitReportReporter -->
<testsuite hostname="ASHRITH-ACHAR" failures="0" tests="1" name="CucumberOptions.TestRunnerFile" time="4.762" errors="0" timestamp="2022-11-13T18:35:40 IST" skipped="0">
  <testcase classname="CucumberOptions.TestRunnerFile" name="runScenario" time="4.762"/>
  <system-out/>
</testsuite> <!-- CucumberOptions.TestRunnerFile -->
